<?xml version="1.0" encoding="UTF-8"?>
<!-- Generated by org.testng.reporters.JUnitReportReporter -->
<testsuite hostname="Abhinav-Agrawal.local" name="socialtrade.Business" tests="2" failures="0" timestamp="10 Jan 2017 05:03:36 GMT" time="211.268" errors="0">
  <testcase name="busin" time="109.328" classname="socialtrade.Business"/>
  <testcase name="busin" time="101.940" classname="socialtrade.Business"/>
</testsuite> <!-- socialtrade.Business -->
